Build started 07.11.2012 20:05:59.
     1>Project "C:\cpp-workspace\pcs\PCS\PCS.vcxproj" on node 3 (build target(s)).
     1>InitializeBuildStatus:
         Creating "PCS.dir\Release\PCS.unsuccessfulbuild" because "AlwaysCreate" was specified.
       CustomBuild:
         All outputs are up-to-date.
       ClCompile:
         C:\Program Files (x86)\Microsoft Visual Studio 10.0\VC\bin\CL.exe /c /I"C:\Program Files (x86)\CGAL-4.1\auxiliary\gmp\include" /I"C:\Program Files (x86)\CGAL-4.1\include" /I"C:\cpp-workspace\PCS\PCS\lib\tnt" /I"C:\cpp-workspace\PCS\PCS\lib\jama" /I"C:\cpp-workspace\PCS\PCS\lib\glut-3.7.6-bin" /I"C:\cpp-workspace\PCS\PCS\lib\glew-1.9.0\include" /I"C:\Program Files (x86)\PCL 1.6.0\3rdParty\Boost\include" /I"C:/Program Files (x86)/PCL 1.6.0/3rdParty/VTK/include/vtk-5.8" /I"C:/Program Files (x86)/PCL 1.6.0/include/pcl-1.6" /I"C:/Program Files (x86)/PCL 1.6.0/3rdParty/Eigen/include" /I"C:/Program Files (x86)/PCL 1.6.0/3rdParty/Boost/include" /I"C:/Program Files (x86)/OpenNI/Include" /I"C:/Program Files (x86)/PCL 1.6.0/3rdParty/FLANN/include" /I"C:/Program Files (x86)/PCL 1.6.0/3rdParty/Qhull/include" /nologo /W3 /WX- /O2 /Ob2 /Oy- /D WIN32 /D _WINDOWS /D NDEBUG /D EIGEN_USE_NEW_STDVECTOR /D EIGEN_YES_I_KNOW_SPARSE_MODULE_IS_NOT_STABLE_YET /D BOOST_ALL_NO_LIB /D FLANN_STATIC /D "CMAKE_INTDIR=\"Release\"" /D _MBCS /Gm- /EHsc /MD /GS /arch:SSE2 /fp:precise /Zc:wchar_t /Zc:forScope /GR /Fo"PCS.dir\Release\\" /Fd"C:/cpp-workspace/PCS/PCS/Release/PCS.pdb" /Gd /TP /analyze- /errorReport:prompt src\main.cpp  /Zm1000 
         main.cpp
     1>C:/Program Files (x86)/PCL 1.6.0/include/pcl-1.6\pcl/impl/point_types.hpp(1008): warning C4996: 'pcl::SHOT': USE SHOT352 FOR SHAPE AND SHOT1344 FOR SHAPE+COLOR INSTEAD
                 C:/Program Files (x86)/PCL 1.6.0/include/pcl-1.6\pcl/impl/point_types.hpp(1003) : see declaration of 'pcl::SHOT'
     1>C:/Program Files (x86)/PCL 1.6.0/include/pcl-1.6\pcl/impl/point_types.hpp(1009): warning C4996: 'pcl::SHOT': USE SHOT352 FOR SHAPE AND SHOT1344 FOR SHAPE+COLOR INSTEAD
                 C:/Program Files (x86)/PCL 1.6.0/include/pcl-1.6\pcl/impl/point_types.hpp(1003) : see declaration of 'pcl::SHOT'
     1>C:/Program Files (x86)/PCL 1.6.0/include/pcl-1.6\pcl/impl/point_types.hpp(1012): warning C4996: 'pcl::SHOT::rf': USE SHOT352 FOR SHAPE AND SHOT1344 FOR SHAPE+COLOR INSTEAD
                 C:/Program Files (x86)/PCL 1.6.0/include/pcl-1.6\pcl/impl/point_types.hpp(1005) : see declaration of 'pcl::SHOT::rf'
     1>C:/Program Files (x86)/PCL 1.6.0/include/pcl-1.6\pcl/impl/point_types.hpp(1013): warning C4996: 'pcl::SHOT::descriptor': USE SHOT352 FOR SHAPE AND SHOT1344 FOR SHAPE+COLOR INSTEAD
                 C:/Program Files (x86)/PCL 1.6.0/include/pcl-1.6\pcl/impl/point_types.hpp(1004) : see declaration of 'pcl::SHOT::descriptor'
     1>C:/Program Files (x86)/PCL 1.6.0/include/pcl-1.6\pcl/impl/point_types.hpp(1014): warning C4996: 'pcl::SHOT::descriptor': USE SHOT352 FOR SHAPE AND SHOT1344 FOR SHAPE+COLOR INSTEAD
                 C:/Program Files (x86)/PCL 1.6.0/include/pcl-1.6\pcl/impl/point_types.hpp(1004) : see declaration of 'pcl::SHOT::descriptor'
     1>C:/Program Files (x86)/PCL 1.6.0/include/pcl-1.6\pcl/impl/point_types.hpp(1014): warning C4996: 'pcl::SHOT::descriptor': USE SHOT352 FOR SHAPE AND SHOT1344 FOR SHAPE+COLOR INSTEAD
                 C:/Program Files (x86)/PCL 1.6.0/include/pcl-1.6\pcl/impl/point_types.hpp(1004) : see declaration of 'pcl::SHOT::descriptor'
     1>C:/Program Files (x86)/PCL 1.6.0/include/pcl-1.6\pcl/point_representation.h(445): warning C4996: 'pcl::SHOT': USE SHOT352 FOR SHAPE AND SHOT1344 FOR SHAPE+COLOR INSTEAD
                 C:/Program Files (x86)/PCL 1.6.0/include/pcl-1.6\pcl/impl/point_types.hpp(1003) : see declaration of 'pcl::SHOT'
     1>C:/Program Files (x86)/PCL 1.6.0/include/pcl-1.6\pcl/point_representation.h(446): warning C4996: 'pcl::SHOT': USE SHOT352 FOR SHAPE AND SHOT1344 FOR SHAPE+COLOR INSTEAD
                 C:/Program Files (x86)/PCL 1.6.0/include/pcl-1.6\pcl/impl/point_types.hpp(1003) : see declaration of 'pcl::SHOT'
     1>C:/Program Files (x86)/PCL 1.6.0/include/pcl-1.6\pcl/point_representation.h(449): warning C4996: 'pcl::DefaultPointRepresentation<pcl::SHOT>': SHOT POINT IS DEPRECATED, USE SHOT352 FOR SHAPE AND SHOT1344 FOR SHAPE+COLOR INSTEAD
                 C:/Program Files (x86)/PCL 1.6.0/include/pcl-1.6\pcl/point_representation.h(446) : see declaration of 'pcl::DefaultPointRepresentation<pcl::SHOT>'
     1>C:/Program Files (x86)/PCL 1.6.0/include/pcl-1.6\pcl/point_representation.h(455): warning C4996: 'pcl::SHOT': USE SHOT352 FOR SHAPE AND SHOT1344 FOR SHAPE+COLOR INSTEAD
                 C:/Program Files (x86)/PCL 1.6.0/include/pcl-1.6\pcl/impl/point_types.hpp(1003) : see declaration of 'pcl::SHOT'
     1>C:/Program Files (x86)/PCL 1.6.0/include/pcl-1.6\pcl/point_representation.h(458): warning C4996: 'pcl::SHOT::descriptor': USE SHOT352 FOR SHAPE AND SHOT1344 FOR SHAPE+COLOR INSTEAD
                 C:/Program Files (x86)/PCL 1.6.0/include/pcl-1.6\pcl/impl/point_types.hpp(1004) : see declaration of 'pcl::SHOT::descriptor'
     1>C:/Program Files (x86)/PCL 1.6.0/include/pcl-1.6\pcl/point_representation.h(460): warning C4996: 'pcl::DefaultPointRepresentation<pcl::SHOT>::~DefaultPointRepresentation': SHOT POINT IS DEPRECATED, USE SHOT352 FOR SHAPE AND SHOT1344 FOR SHAPE+COLOR INSTEAD
                 C:/Program Files (x86)/PCL 1.6.0/include/pcl-1.6\pcl/point_representation.h(460) : compiler has generated 'pcl::DefaultPointRepresentation<pcl::SHOT>::~DefaultPointRepresentation' here
                 This diagnostic occurred in the compiler generated function 'void *pcl::DefaultPointRepresentation<pcl::SHOT>::__delDtor(unsigned int)'
     1>C:/Program Files (x86)/PCL 1.6.0/include/pcl-1.6\pcl/point_representation.h(460): warning C4996: 'pcl::DefaultPointRepresentation<pcl::SHOT>::~DefaultPointRepresentation': SHOT POINT IS DEPRECATED, USE SHOT352 FOR SHAPE AND SHOT1344 FOR SHAPE+COLOR INSTEAD
                 C:/Program Files (x86)/PCL 1.6.0/include/pcl-1.6\pcl/point_representation.h(460) : compiler has generated 'pcl::DefaultPointRepresentation<pcl::SHOT>::~DefaultPointRepresentation' here
                 This diagnostic occurred in the compiler generated function 'void *pcl::DefaultPointRepresentation<pcl::SHOT>::__delDtor(unsigned int)'
     1>C:/Program Files (x86)/PCL 1.6.0/3rdParty/FLANN/include\flann/util/logger.h(66): warning C4996: 'fopen': This function or variable may be unsafe. Consider using fopen_s instead. To disable deprecation, use _CRT_SECURE_NO_WARNINGS. See online help for details.
                 C:\Program Files (x86)\Microsoft Visual Studio 10.0\VC\include\stdio.h(234) : see declaration of 'fopen'
     1>src\main.cpp(314): warning C4129: '.' : unrecognized character escape sequence
     1>src\main.cpp(319): warning C4129: '.' : unrecognized character escape sequence
     1>c:\program files (x86)\pcl 1.6.0\3rdparty\eigen\include\eigen\src/Geometry/OrthoMethods.h(99): warning C4305: 'specialization' : truncation from 'const unsigned int' to 'bool'
                 C:/Program Files (x86)/PCL 1.6.0/include/pcl-1.6\pcl/common/distances.h(73) : see reference to function template instantiation 'Eigen::Matrix<_Scalar,_Rows,_Cols> Eigen::MatrixBase<Derived>::cross3<Eigen::CwiseBinaryOp<BinaryOp,Lhs,Rhs>>(const Eigen::MatrixBase<Eigen::CwiseBinaryOp<BinaryOp,Lhs,Rhs>> &) const' being compiled
                 with
                 [
                     _Scalar=float,
                     _Rows=4,
                     _Cols=1,
                     Derived=Eigen::Matrix<float,4,1>,
                     BinaryOp=Eigen::internal::scalar_difference_op<float>,
                     Lhs=const Eigen::Matrix<float,4,1>,
                     Rhs=const Eigen::Matrix<float,4,1>
                 ]
     1>C:/Program Files (x86)/PCL 1.6.0/3rdParty/FLANN/include\flann/flann.hpp(78): warning C4996: 'fopen': This function or variable may be unsafe. Consider using fopen_s instead. To disable deprecation, use _CRT_SECURE_NO_WARNINGS. See online help for details.
                 C:\Program Files (x86)\Microsoft Visual Studio 10.0\VC\include\stdio.h(234) : see declaration of 'fopen'
                 C:/Program Files (x86)/PCL 1.6.0/3rdParty/FLANN/include\flann/flann.hpp(114) : see reference to function template instantiation 'flann::NNIndex<Distance> *flann::load_saved_index<Distance>(const flann::Matrix<T> &,const std::string &,Distance)' being compiled
                 with
                 [
                     Distance=flann::L2_Simple<float>,
                     T=float
                 ]
                 C:/Program Files (x86)/PCL 1.6.0/3rdParty/FLANN/include\flann/flann.hpp(107) : while compiling class template member function 'flann::Index<Distance>::Index(const flann::Matrix<T> &,const flann::IndexParams &,Distance)'
                 with
                 [
                     Distance=flann::L2_Simple<float>,
                     T=float
                 ]
                 C:/Program Files (x86)/PCL 1.6.0/include/pcl-1.6\pcl/kdtree/kdtree_flann.h(377) : see reference to class template instantiation 'flann::Index<Distance>' being compiled
                 with
                 [
                     Distance=flann::L2_Simple<float>
                 ]
     1>C:/Program Files (x86)/PCL 1.6.0/3rdParty/FLANN/include\flann/algorithms/dist.h(103): warning C4244: '=' : conversion from 'double' to 'float', possible loss of data
                 C:/Program Files (x86)/PCL 1.6.0/3rdParty/FLANN/include\flann/algorithms/kmeans_index.h(688) : see reference to function template instantiation 'float flann::L2_Simple<T>::operator ()<T*,double*>(Iterator1,Iterator2,size_t,float) const' being compiled
                 with
                 [
                     T=float,
                     Iterator1=float *,
                     Iterator2=double *
                 ]
                 C:/Program Files (x86)/PCL 1.6.0/3rdParty/FLANN/include\flann/algorithms/kmeans_index.h(644) : while compiling class template member function 'void flann::KMeansIndex<Distance>::computeClustering(flann::KMeansIndex<Distance>::KMeansNode *,int *,int,int,int)'
                 with
                 [
                     Distance=flann::L2_Simple<float>
                 ]
                 C:/Program Files (x86)/PCL 1.6.0/3rdParty/FLANN/include\flann/algorithms/all_indices.h(96) : see reference to class template instantiation 'flann::KMeansIndex<Distance>' being compiled
                 with
                 [
                     Distance=flann::L2_Simple<float>
                 ]
                 C:/Program Files (x86)/PCL 1.6.0/3rdParty/FLANN/include\flann/algorithms/all_indices.h(102) : see reference to class template instantiation 'flann::valid_combination<Index,Distance,ElementType>::needs_kdtree_distance<T>' being compiled
                 with
                 [
                     Index=flann::KMeansIndex,
                     Distance=flann::L2_Simple<float>,
                     ElementType=ElementType,
                     T=flann::KMeansIndex<flann::L2_Simple<float>>
                 ]
                 C:/Program Files (x86)/PCL 1.6.0/3rdParty/FLANN/include\flann/algorithms/all_indices.h(152) : see reference to class template instantiation 'flann::valid_combination<Index,Distance,ElementType>' being compiled
                 with
                 [
                     Index=flann::KMeansIndex,
                     Distance=flann::L2_Simple<float>,
                     ElementType=ElementType
                 ]
                 C:/Program Files (x86)/PCL 1.6.0/3rdParty/FLANN/include\flann/flann.hpp(118) : see reference to function template instantiation 'flann::NNIndex<Distance> *flann::create_index_by_type<Distance>(const flann::Matrix<T> &,const flann::IndexParams &,const Distance &)' being compiled
                 with
                 [
                     Distance=flann::L2_Simple<float>,
                     T=float
                 ]
       Link:
         C:\Program Files (x86)\Microsoft Visual Studio 10.0\VC\bin\link.exe /ERRORREPORT:PROMPT /OUT:"C:\cpp-workspace\PCS\PCS\Release\PCS.exe" /INCREMENTAL:NO /NOLOGO /LIBPATH:"C:\Program Files (x86)\CGAL-4.1\auxiliary\gmp\lib" /LIBPATH:"C:\Program Files (x86)\CGAL-4.1\lib" /LIBPATH:"C:/Program Files (x86)/PCL 1.6.0/lib" /LIBPATH:"C:/Program Files (x86)/PCL 1.6.0/lib/Release" kernel32.lib user32.lib gdi32.lib winspool.lib shell32.lib ole32.lib oleaut32.lib uuid.lib comdlg32.lib advapi32.lib "C:\Program Files (x86)\PCL 1.6.0\3rdParty\Boost\lib\libboost_system-vc100-mt-1_49.lib" "C:\Program Files (x86)\PCL 1.6.0\3rdParty\Boost\lib\libboost_filesystem-vc100-mt-1_49.lib" "C:\Program Files (x86)\PCL 1.6.0\3rdParty\Boost\lib\libboost_thread-vc100-mt-1_49.lib" "C:\Program Files (x86)\PCL 1.6.0\3rdParty\Boost\lib\libboost_date_time-vc100-mt-1_49.lib" "C:\Program Files (x86)\PCL 1.6.0\3rdParty\Boost\lib\libboost_iostreams-vc100-mt-1_49.lib" "C:\Program Files (x86)\PCL 1.6.0\lib\pcl_common_release.lib" "C:\Program Files (x86)\PCL 1.6.0\lib\pcl_octree_release.lib" "C:\Program Files (x86)\OpenNI\Lib\openNI.lib" "C:\Program Files (x86)\PCL 1.6.0\3rdParty\VTK\lib\vtk-5.8\vtkCommon.lib" "C:\Program Files (x86)\PCL 1.6.0\3rdParty\VTK\lib\vtk-5.8\vtkRendering.lib" "C:\Program Files (x86)\PCL 1.6.0\3rdParty\VTK\lib\vtk-5.8\vtkHybrid.lib" "C:\Program Files (x86)\PCL 1.6.0\lib\pcl_io_release.lib" "C:\Program Files (x86)\PCL 1.6.0\3rdParty\FLANN\lib\flann_cpp_s.lib" "C:\Program Files (x86)\PCL 1.6.0\lib\pcl_kdtree_release.lib" "C:\Program Files (x86)\PCL 1.6.0\lib\pcl_search_release.lib" "C:\Program Files (x86)\PCL 1.6.0\lib\pcl_sample_consensus_release.lib" "C:\Program Files (x86)\PCL 1.6.0\lib\pcl_filters_release.lib" "C:\Program Files (x86)\PCL 1.6.0\lib\pcl_segmentation_release.lib" "C:\Program Files (x86)\PCL 1.6.0\lib\pcl_visualization_release.lib" "C:\Program Files (x86)\PCL 1.6.0\lib\pcl_features_release.lib" "C:\Program Files (x86)\PCL 1.6.0\3rdParty\Qhull\lib\qhullstatic.lib" "C:\Program Files (x86)\PCL 1.6.0\lib\pcl_surface_release.lib" "C:\Program Files (x86)\PCL 1.6.0\lib\pcl_registration_release.lib" "C:\Program Files (x86)\PCL 1.6.0\lib\pcl_keypoints_release.lib" "C:\Program Files (x86)\PCL 1.6.0\lib\pcl_tracking_release.lib" "C:\Program Files (x86)\PCL 1.6.0\lib\pcl_apps_release.lib" "C:\Program Files (x86)\PCL 1.6.0\3rdParty\VTK\lib\vtk-5.8\vtkGraphics.lib" "C:\Program Files (x86)\PCL 1.6.0\3rdParty\VTK\lib\vtk-5.8\vtkverdict.lib" "C:\Program Files (x86)\PCL 1.6.0\3rdParty\VTK\lib\vtk-5.8\vtkImaging.lib" C:\Qt\4.8.0\lib\QtGui4.lib C:\Qt\4.8.0\lib\QtSql4.lib C:\Qt\4.8.0\lib\QtCore4.lib "C:\Program Files (x86)\PCL 1.6.0\3rdParty\VTK\lib\vtk-5.8\vtkIO.lib" "C:\Program Files (x86)\PCL 1.6.0\3rdParty\VTK\lib\vtk-5.8\vtkFiltering.lib" "C:\Program Files (x86)\PCL 1.6.0\3rdParty\VTK\lib\vtk-5.8\vtkDICOMParser.lib" "C:\Program Files (x86)\PCL 1.6.0\3rdParty\VTK\lib\vtk-5.8\vtkNetCDF_cxx.lib" "C:\Program Files (x86)\PCL 1.6.0\3rdParty\VTK\lib\vtk-5.8\vtkmetaio.lib" "C:\Program Files (x86)\PCL 1.6.0\3rdParty\VTK\lib\vtk-5.8\vtksys.lib" ws2_32.lib comctl32.lib wsock32.lib "C:\Program Files (x86)\PCL 1.6.0\3rdParty\VTK\lib\vtk-5.8\vtksqlite.lib" "C:\Program Files (x86)\PCL 1.6.0\3rdParty\VTK\lib\vtk-5.8\vtkpng.lib" "C:\Program Files (x86)\PCL 1.6.0\3rdParty\VTK\lib\vtk-5.8\vtktiff.lib" "C:\Program Files (x86)\PCL 1.6.0\3rdParty\VTK\lib\vtk-5.8\vtkzlib.lib" "C:\Program Files (x86)\PCL 1.6.0\3rdParty\VTK\lib\vtk-5.8\vtkjpeg.lib" "C:\Program Files (x86)\PCL 1.6.0\3rdParty\VTK\lib\vtk-5.8\vtkexpat.lib" "C:\Program Files (x86)\PCL 1.6.0\3rdParty\VTK\lib\vtk-5.8\vtkftgl.lib" "C:\Program Files (x86)\PCL 1.6.0\3rdParty\VTK\lib\vtk-5.8\vtkfreetype.lib" opengl32.lib "C:\Program Files (x86)\PCL 1.6.0\3rdParty\VTK\lib\vtk-5.8\vtkexoIIc.lib" "C:\Program Files (x86)\PCL 1.6.0\3rdParty\VTK\lib\vtk-5.8\vtkNetCDF.lib" vfw32.lib "CGAL-vc100-mt-4.1.lib" "CGAL_ImageIO-vc100-mt-4.1.lib" "CGAL_Core-vc100-mt-4.1.lib" "libgmp-10.lib" "libmpfr-4.lib" /MANIFEST /ManifestFile:"PCS.dir\Release\PCS.exe.intermediate.manifest" /MANIFESTUAC:"level='asInvoker' uiAccess='false'" /PDB:"C:/cpp-workspace/PCS/PCS/Release/PCS.pdb" /SUBSYSTEM:CONSOLE /STACK:"10000000" /TLBID:1 /DYNAMICBASE /NXCOMPAT /IMPLIB:"C:/cpp-workspace/PCS/PCS/Release/PCS.lib" /MACHINE:X86 PCS.dir\Release\BoundaryComplex.obj
         PCS.dir\Release\DisjointSets.obj
         PCS.dir\Release\main.obj  /machine:X86 
         PCS.vcxproj -> C:\cpp-workspace\PCS\PCS\Release\PCS.exe
       Manifest:
         C:\Program Files (x86)\Microsoft SDKs\Windows\v7.0A\bin\mt.exe /nologo /verbose /outputresource:"C:\cpp-workspace\PCS\PCS\Release\PCS.exe;#1" /manifest PCS.dir\Release\PCS.exe.intermediate.manifest
       FinalizeBuildStatus:
         Deleting file "PCS.dir\Release\PCS.unsuccessfulbuild".
         Touching "PCS.dir\Release\PCS.lastbuildstate".
     1>Done Building Project "C:\cpp-workspace\pcs\PCS\PCS.vcxproj" (build target(s)).

Build succeeded.

Time Elapsed 00:00:17.97
